2025-06-25 22:06:09,326 - INFO - Processing 75 articles from ../04_results/compendium_search/compendium_high_confidence_20250625_212553.csv
2025-06-25 22:06:10,045 - ERROR - Failed to retrieve EID 2-s2.0-85113352286: 401
2025-06-25 22:06:11,236 - ERROR - Failed to retrieve EID 2-s2.0-85203420319: 401
2025-06-25 22:06:12,436 - ERROR - Failed to retrieve EID 2-s2.0-85211931135: 401
2025-06-25 22:06:13,713 - ERROR - Failed to retrieve EID 2-s2.0-85130609614: 401
2025-06-25 22:06:14,960 - ERROR - Failed to retrieve EID 2-s2.0-85128121072: 401
2025-06-25 22:06:16,187 - ERROR - Failed to retrieve EID 2-s2.0-85133526512: 401
2025-06-25 22:06:17,463 - ERROR - Failed to retrieve EID 2-s2.0-85175220851: 401
2025-06-25 22:06:18,873 - ERROR - Failed to retrieve EID 2-s2.0-85130642366: 401
2025-06-25 22:06:20,138 - ERROR - Failed to retrieve EID 2-s2.0-85110518200: 401
2025-06-25 22:06:21,419 - ERROR - Failed to retrieve EID 2-s2.0-85133274201: 401
2025-06-25 22:06:22,874 - ERROR - Failed to retrieve EID 2-s2.0-85110687679: 401
2025-06-25 22:06:26,153 - ERROR - Failed to retrieve EID 2-s2.0-85139571680: 401
2025-06-25 22:06:27,443 - ERROR - Failed to retrieve EID 2-s2.0-85143180974: 401
2025-06-25 22:06:28,628 - ERROR - Failed to retrieve EID 2-s2.0-85160230430: 401
2025-06-25 22:06:29,854 - ERROR - Failed to retrieve EID 2-s2.0-85146192973: 401
2025-06-25 22:06:31,067 - ERROR - Failed to retrieve EID 2-s2.0-85159783694: 401
2025-06-25 22:06:32,309 - ERROR - Failed to retrieve EID 2-s2.0-85120075083: 401
2025-06-25 22:06:33,547 - ERROR - Failed to retrieve EID 2-s2.0-85150390319: 401
2025-06-25 22:06:34,736 - ERROR - Failed to retrieve EID 2-s2.0-85166415907: 401
2025-06-25 22:06:35,954 - ERROR - Failed to retrieve EID 2-s2.0-85166783883: 401
2025-06-25 22:06:37,259 - ERROR - Failed to retrieve EID 2-s2.0-85122831730: 401
2025-06-25 22:06:39,309 - ERROR - Failed to retrieve EID 2-s2.0-85105767840: 401
2025-06-25 22:06:40,486 - ERROR - Failed to retrieve EID 2-s2.0-85099565948: 401
2025-06-25 22:06:41,745 - ERROR - Failed to retrieve EID 2-s2.0-85115926183: 401
2025-06-25 22:06:42,973 - ERROR - Failed to retrieve EID 2-s2.0-85205298178: 401
2025-06-25 22:06:44,326 - ERROR - Exception retrieving EID 2-s2.0-85101483257: ('Connection aborted.', ConnectionResetError(104, 'Connection reset by peer'))
2025-06-25 22:06:45,873 - ERROR - Failed to retrieve EID 2-s2.0-85099417722: 401
2025-06-25 22:06:47,426 - ERROR - Failed to retrieve EID 2-s2.0-85099409024: 401
2025-06-25 22:06:48,704 - ERROR - Failed to retrieve EID 2-s2.0-105004352464: 401
2025-06-25 22:06:49,925 - ERROR - Failed to retrieve EID 2-s2.0-85198292021: 401
2025-06-25 22:06:51,078 - ERROR - Failed to retrieve EID 2-s2.0-85204191424: 401
2025-06-25 22:06:52,267 - ERROR - Failed to retrieve EID 2-s2.0-85147047824: 401
2025-06-25 22:06:53,624 - ERROR - Failed to retrieve EID 2-s2.0-85145562188: 401
2025-06-25 22:06:54,783 - ERROR - Failed to retrieve EID 2-s2.0-85143645337: 401
2025-06-25 22:06:56,014 - ERROR - Failed to retrieve EID 2-s2.0-85139738916: 401
2025-06-25 22:06:57,223 - ERROR - Failed to retrieve EID 2-s2.0-85195534060: 401
2025-06-25 22:07:00,487 - ERROR - Failed to retrieve EID 2-s2.0-85205438678: 401
2025-06-25 22:07:01,787 - ERROR - Failed to retrieve EID 2-s2.0-85161193713: 401
2025-06-25 22:07:03,298 - ERROR - Failed to retrieve EID 2-s2.0-85168162268: 401
2025-06-25 22:07:04,527 - ERROR - Failed to retrieve EID 2-s2.0-85156169275: 401
2025-06-25 22:07:05,734 - ERROR - Failed to retrieve EID 2-s2.0-105004032689: 401
2025-06-25 22:07:07,294 - ERROR - Failed to retrieve EID 2-s2.0-105003919850: 401
2025-06-25 22:07:08,770 - ERROR - Failed to retrieve EID 2-s2.0-105006819186: 401
2025-06-25 22:07:10,149 - ERROR - Failed to retrieve EID 2-s2.0-105007322937: 401
2025-06-25 22:07:11,330 - ERROR - Failed to retrieve EID 2-s2.0-85187786751: 401
2025-06-25 22:07:12,557 - ERROR - Failed to retrieve EID 2-s2.0-85185614467: 401
2025-06-25 22:07:13,871 - ERROR - Failed to retrieve EID 2-s2.0-85169404002: 401
2025-06-25 22:07:15,098 - ERROR - Failed to retrieve EID 2-s2.0-85109674505: 401
2025-06-25 22:07:16,280 - ERROR - Failed to retrieve EID 2-s2.0-85099243840: 401
2025-06-25 22:07:17,506 - ERROR - Failed to retrieve EID 2-s2.0-85142443861: 401
2025-06-25 22:07:18,703 - ERROR - Failed to retrieve EID 2-s2.0-85196261131: 401
2025-06-25 22:07:19,955 - ERROR - Failed to retrieve EID 2-s2.0-85135369688: 401
2025-06-25 22:07:21,169 - ERROR - Failed to retrieve EID 2-s2.0-105004848231: 401
2025-06-25 22:07:22,395 - ERROR - Failed to retrieve EID 2-s2.0-85187535519: 401
2025-06-25 22:07:23,568 - ERROR - Failed to retrieve EID 2-s2.0-85179320192: 401
2025-06-25 22:07:24,778 - ERROR - Failed to retrieve EID 2-s2.0-85201491689: 401
2025-06-25 22:07:25,966 - ERROR - Failed to retrieve EID 2-s2.0-85219543611: 401
2025-06-25 22:07:27,150 - ERROR - Failed to retrieve EID 2-s2.0-105007682408: 401
2025-06-25 22:07:28,378 - ERROR - Failed to retrieve EID 2-s2.0-86000695473: 401
2025-06-25 22:07:29,535 - ERROR - Failed to retrieve EID 2-s2.0-85217569562: 401
2025-06-25 22:07:30,745 - ERROR - Failed to retrieve EID 2-s2.0-105002323099: 401
2025-06-25 22:07:31,966 - ERROR - Failed to retrieve EID 2-s2.0-105005965706: 401
2025-06-25 22:07:35,269 - ERROR - Failed to retrieve EID 2-s2.0-85131136695: 401
2025-06-25 22:07:36,423 - ERROR - Failed to retrieve EID 2-s2.0-85182694332: 401
2025-06-25 22:07:37,604 - ERROR - Failed to retrieve EID 2-s2.0-85169019559: 401
2025-06-25 22:07:38,785 - ERROR - Failed to retrieve EID 2-s2.0-85115867159: 401
2025-06-25 22:07:40,013 - ERROR - Failed to retrieve EID 2-s2.0-85099537701: 401
2025-06-25 22:07:41,193 - ERROR - Failed to retrieve EID 2-s2.0-85166668318: 401
2025-06-25 22:07:42,540 - ERROR - Failed to retrieve EID 2-s2.0-85172796584: 401
2025-06-25 22:07:43,705 - ERROR - Failed to retrieve EID 2-s2.0-85129996893: 401
2025-06-25 22:07:44,896 - ERROR - Failed to retrieve EID 2-s2.0-85111711444: 401
2025-06-25 22:07:46,081 - ERROR - Failed to retrieve EID 2-s2.0-85201437404: 401
2025-06-25 22:07:47,282 - ERROR - Failed to retrieve EID 2-s2.0-105000437662: 401
2025-06-25 22:07:48,452 - ERROR - Failed to retrieve EID 2-s2.0-85191003423: 401
2025-06-25 22:07:49,681 - ERROR - Failed to retrieve EID 2-s2.0-85213836403: 401
2025-06-25 22:07:50,685 - INFO - Successfully retrieved 0 articles
2025-06-25 22:07:50,688 - INFO - Failed to retrieve 75 articles
