2025-06-25 22:07:57,396 - INFO - Processing 75 articles from ../04_results/compendium_search/compendium_high_confidence_20250625_212553.csv
2025-06-25 22:07:59,053 - ERROR - Semantic Scholar error for 10.1097/JHM-D-23-00266: object of type 'NoneType' has no len()
2025-06-25 22:08:00,266 - ERROR - Semantic Scholar error for 10.1161/CIRCOUTCOMES.121.008269: object of type 'NoneType' has no len()
2025-06-25 22:08:01,228 - ERROR - Semantic Scholar error for 10.1377/hlthaff.2022.00045: object of type 'NoneType' has no len()
2025-06-25 22:08:01,251 - ERROR - Semantic Scholar error for 10.1097/SLA.0000000000005490: object of type 'NoneType' has no len()
2025-06-25 22:08:01,276 - ERROR - Semantic Scholar error for 10.1007/s11606-021-07005-y: object of type 'NoneType' has no len()
2025-06-25 22:08:02,095 - ERROR - Semantic Scholar error for 10.1097/SLA.0000000000005802: object of type 'NoneType' has no len()
2025-06-25 22:08:02,207 - ERROR - Semantic Scholar error for 10.1089/lgbt.2021.0391: object of type 'NoneType' has no len()
2025-06-25 22:08:03,268 - ERROR - Semantic Scholar error for 10.1016/j.echo.2023.01.002: object of type 'NoneType' has no len()
2025-06-25 22:08:03,977 - ERROR - Semantic Scholar error for 10.1377/hlthaff.2022.01319: object of type 'NoneType' has no len()
2025-06-25 22:08:04,201 - ERROR - Semantic Scholar error for 10.1097/MLR.0000000000001673: object of type 'NoneType' has no len()
2025-06-25 22:08:04,254 - ERROR - Semantic Scholar error for 10.1200/OP.20.01089: object of type 'NoneType' has no len()
2025-06-25 22:08:04,959 - ERROR - Semantic Scholar error for 10.1377/hlthaff.2021.00001: object of type 'NoneType' has no len()
2025-06-25 22:08:05,145 - ERROR - Semantic Scholar error for 10.1097/SLA.0000000000006541: object of type 'NoneType' has no len()
2025-06-25 22:08:05,615 - ERROR - Semantic Scholar error for 10.1377/hlthaff.2020.00812: object of type 'NoneType' has no len()
2025-06-25 22:08:05,964 - ERROR - Semantic Scholar error for 10.1377/hlthaff.2020.00100: object of type 'NoneType' has no len()
2025-06-25 22:08:06,091 - ERROR - Semantic Scholar error for 10.1097/JHM-D-23-00210: object of type 'NoneType' has no len()
2025-06-25 22:08:06,697 - ERROR - Semantic Scholar error for 10.1136/leader-2023-000969: object of type 'NoneType' has no len()
2025-06-25 22:08:08,955 - ERROR - Semantic Scholar error for 10.1001/jama.2022.24032: object of type 'NoneType' has no len()
2025-06-25 22:08:09,288 - ERROR - Semantic Scholar error for 10.1001/jama.2022.20619: object of type 'NoneType' has no len()
2025-06-25 22:08:10,023 - ERROR - Semantic Scholar error for 10.1200/OP.22.00136: object of type 'NoneType' has no len()
2025-06-25 22:08:10,112 - ERROR - Semantic Scholar error for 10.1007/s11606-024-09028-7: object of type 'NoneType' has no len()
2025-06-25 22:08:11,014 - ERROR - Semantic Scholar error for 10.5858/arpa.2024-0056-OA: object of type 'NoneType' has no len()
2025-06-25 22:08:11,342 - ERROR - Semantic Scholar error for 10.1007/s11606-023-08363-5: object of type 'NoneType' has no len()
2025-06-25 22:08:11,509 - ERROR - Semantic Scholar error for 10.1097/PRS.0000000000012164: object of type 'NoneType' has no len()
2025-06-25 22:08:11,856 - ERROR - Semantic Scholar error for 10.1111/1468-0009.70019: object of type 'NoneType' has no len()
2025-06-25 22:08:12,218 - ERROR - Semantic Scholar error for 10.1200/OP.23.00632: object of type 'NoneType' has no len()
2025-06-25 22:08:13,154 - ERROR - Semantic Scholar error for 10.1016/j.hjdsi.2020.100460: object of type 'NoneType' has no len()
2025-06-25 22:08:13,486 - ERROR - Semantic Scholar error for 10.1111/1475-6773.14101: object of type 'NoneType' has no len()
2025-06-25 22:08:13,638 - ERROR - Semantic Scholar error for 10.1016/j.lana.2024.100814: unsupported operand type(s) for +: 'NoneType' and 'str'
2025-06-25 22:08:13,890 - ERROR - Semantic Scholar error for 10.1111/1475-6773.14642: object of type 'NoneType' has no len()
2025-06-25 22:08:14,481 - ERROR - Semantic Scholar error for 10.1097/SLA.0000000000006132: object of type 'NoneType' has no len()
2025-06-25 22:08:14,487 - ERROR - Semantic Scholar error for 10.1007/s11606-023-08415-w: object of type 'NoneType' has no len()
2025-06-25 22:08:14,974 - ERROR - Semantic Scholar error for 10.1016/j.jtcvs.2024.12.032: object of type 'NoneType' has no len()
2025-06-25 22:08:15,357 - ERROR - Semantic Scholar error for 10.1007/s10278-024-01374-6: object of type 'NoneType' has no len()
2025-06-25 22:08:15,807 - ERROR - Semantic Scholar error for 10.1001/jamasurg.2024.5920: object of type 'NoneType' has no len()
2025-06-25 22:08:15,904 - ERROR - Semantic Scholar error for 10.1016/j.jhealeco.2025.102997: object of type 'NoneType' has no len()
2025-06-25 22:08:16,402 - ERROR - Semantic Scholar error for 10.1016/j.ajem.2022.05.035: object of type 'NoneType' has no len()
2025-06-25 22:08:16,677 - ERROR - Semantic Scholar error for 10.1017/ice.2023.283: object of type 'NoneType' has no len()
2025-06-25 22:08:17,550 - ERROR - Semantic Scholar error for 10.1111/birt.12753: object of type 'NoneType' has no len()
2025-06-25 22:08:18,314 - ERROR - Semantic Scholar error for 10.1001/jama.2020.24991: object of type 'NoneType' has no len()
2025-06-25 22:08:18,468 - ERROR - Semantic Scholar error for 10.1002/jhm.2769: object of type 'NoneType' has no len()
2025-06-25 22:08:18,530 - ERROR - Semantic Scholar error for 10.1111/1475-6773.13709: object of type 'NoneType' has no len()
2025-06-25 22:08:18,829 - ERROR - Semantic Scholar error for 10.1093/cid/ciad777: object of type 'NoneType' has no len()
2025-06-25 22:08:19,271 - ERROR - Semantic Scholar error for 10.1177/15248399241302060: object of type 'NoneType' has no len()
2025-06-25 22:08:19,415 - ERROR - Semantic Scholar error for 10.1016/j.jcpo.2025.100571: object of type 'NoneType' has no len()
