2025-06-25 20:54:59,393 - INFO - Starting search for query: (TITLE-ABS-KEY("AHRQ Compendium of U.S. Health Systems")) AND PUBYEAR > 2020 AND PUBYEAR < 2026 AND ...
2025-06-25 20:54:59,805 - ERROR - Error 400: {"service-error":{"status":{"statusCode":"INVALID_INPUT","statusText":"Exceeds the maximum number allowed for the service level"}}}
2025-06-25 20:54:59,806 - INFO - Retrieved 0 of 0 available results
2025-06-25 20:55:01,808 - INFO - Starting search for query: (TITLE-ABS-KEY("AHRQ Compendium of US Health Systems")) AND PUBYEAR > 2020 AND PUBYEAR < 2026 AND (D...
2025-06-25 20:55:02,003 - ERROR - Error 400: {"service-error":{"status":{"statusCode":"INVALID_INPUT","statusText":"Exceeds the maximum number allowed for the service level"}}}
2025-06-25 20:55:02,005 - INFO - Retrieved 0 of 0 available results
2025-06-25 20:55:05,565 - INFO - Starting search for query: (TITLE-ABS-KEY("AHRQ Compendium" AND "health system*")) AND PUBYEAR > 2020 AND PUBYEAR < 2026 AND (D...
2025-06-25 20:55:05,757 - ERROR - Error 400: {"service-error":{"status":{"statusCode":"INVALID_INPUT","statusText":"Exceeds the maximum number allowed for the service level"}}}
2025-06-25 20:55:05,758 - INFO - Retrieved 0 of 0 available results
2025-06-25 20:55:07,759 - INFO - Starting search for query: (TITLE-ABS-KEY("Agency for Healthcare Research and Quality Compendium")) AND PUBYEAR > 2020 AND PUBY...
2025-06-25 20:55:07,958 - ERROR - Error 400: {"service-error":{"status":{"statusCode":"INVALID_INPUT","statusText":"Exceeds the maximum number allowed for the service level"}}}
2025-06-25 20:55:07,959 - INFO - Retrieved 0 of 0 available results
2025-06-25 20:55:09,961 - INFO - Starting search for query: (TITLE-ABS-KEY(AHRQ w/5 Compendium)) AND PUBYEAR > 2020 AND PUBYEAR < 2026 AND (DOCTYPE(ar) OR DOCTY...
2025-06-25 20:55:10,134 - ERROR - Error 400: {"service-error":{"status":{"statusCode":"INVALID_INPUT","statusText":"Exceeds the maximum number allowed for the service level"}}}
2025-06-25 20:55:10,136 - INFO - Retrieved 0 of 0 available results
2025-06-25 20:55:12,138 - INFO - Starting search for query: (TITLE-ABS-KEY("Agency for Healthcare Research and Quality" w/10 Compendium)) AND PUBYEAR > 2020 AND...
2025-06-25 20:55:12,306 - ERROR - Error 400: {"service-error":{"status":{"statusCode":"INVALID_INPUT","statusText":"Exceeds the maximum number allowed for the service level"}}}
2025-06-25 20:55:12,306 - INFO - Retrieved 0 of 0 available results
2025-06-25 20:55:14,308 - INFO - Starting search for query: (TITLE-ABS-KEY(AHRQ w/10 "health system*" w/10 compendium)) AND PUBYEAR > 2020 AND PUBYEAR < 2026 AN...
2025-06-25 20:55:14,460 - ERROR - Error 400: {"service-error":{"status":{"statusCode":"INVALID_INPUT","statusText":"Exceeds the maximum number allowed for the service level"}}}
2025-06-25 20:55:14,460 - INFO - Retrieved 0 of 0 available results
2025-06-25 20:55:16,461 - INFO - Starting search for query: (TITLE-ABS-KEY("AHRQ Compend*")) AND PUBYEAR > 2020 AND PUBYEAR < 2026 AND (DOCTYPE(ar) OR DOCTYPE(r...
2025-06-25 20:55:16,602 - ERROR - Error 400: {"service-error":{"status":{"statusCode":"INVALID_INPUT","statusText":"Exceeds the maximum number allowed for the service level"}}}
2025-06-25 20:55:16,603 - INFO - Retrieved 0 of 0 available results
2025-06-25 20:55:18,604 - INFO - Starting search for query: (TITLE-ABS-KEY(AHRQ AND compend* AND "health system*")) AND PUBYEAR > 2020 AND PUBYEAR < 2026 AND (D...
2025-06-25 20:55:18,766 - ERROR - Error 400: {"service-error":{"status":{"statusCode":"INVALID_INPUT","statusText":"Exceeds the maximum number allowed for the service level"}}}
2025-06-25 20:55:18,767 - INFO - Retrieved 0 of 0 available results
2025-06-25 20:55:20,768 - INFO - Starting search for query: (REF("AHRQ Compendium")) AND PUBYEAR > 2020 AND PUBYEAR < 2026 AND (DOCTYPE(ar) OR DOCTYPE(re) OR DO...
2025-06-25 20:55:20,934 - ERROR - Error 400: {"service-error":{"status":{"statusCode":"INVALID_INPUT","statusText":"Exceeds the maximum number allowed for the service level"}}}
2025-06-25 20:55:20,935 - INFO - Retrieved 0 of 0 available results
2025-06-25 20:55:22,937 - INFO - Starting search for query: (REF("Agency for Healthcare Research and Quality" AND Compendium)) AND PUBYEAR > 2020 AND PUBYEAR < ...
2025-06-25 20:55:23,085 - ERROR - Error 400: {"service-error":{"status":{"statusCode":"INVALID_INPUT","statusText":"Exceeds the maximum number allowed for the service level"}}}
2025-06-25 20:55:23,086 - INFO - Retrieved 0 of 0 available results
2025-06-25 20:55:25,088 - INFO - Starting search for query: (REF(Contreary AND AHRQ AND "Health Affairs")) AND PUBYEAR > 2020 AND PUBYEAR < 2026 AND (DOCTYPE(ar...
2025-06-25 20:55:25,283 - ERROR - Error 400: {"service-error":{"status":{"statusCode":"INVALID_INPUT","statusText":"Exceeds the maximum number allowed for the service level"}}}
2025-06-25 20:55:25,283 - INFO - Retrieved 0 of 0 available results
2025-06-25 20:55:27,285 - INFO - Starting search for query: (REF("Consolidation and Mergers among Health Systems in 2021")) AND PUBYEAR > 2020 AND PUBYEAR < 202...
2025-06-25 20:55:27,478 - ERROR - Error 400: {"service-error":{"status":{"statusCode":"INVALID_INPUT","statusText":"Exceeds the maximum number allowed for the service level"}}}
2025-06-25 20:55:27,479 - INFO - Retrieved 0 of 0 available results
2025-06-25 20:55:29,481 - INFO - Starting search for query: (REF("Rich" AND "Mathematica" AND AHRQ)) AND PUBYEAR > 2020 AND PUBYEAR < 2026 AND (DOCTYPE(ar) OR D...
2025-06-25 20:55:29,626 - ERROR - Error 400: {"service-error":{"status":{"statusCode":"INVALID_INPUT","statusText":"Exceeds the maximum number allowed for the service level"}}}
2025-06-25 20:55:29,627 - INFO - Retrieved 0 of 0 available results
2025-06-25 20:55:31,630 - INFO - Starting search for query: (TITLE-ABS-KEY("2018 AHRQ Compendium")) AND PUBYEAR > 2020 AND PUBYEAR < 2026 AND (DOCTYPE(ar) OR DO...
2025-06-25 20:55:31,797 - ERROR - Error 400: {"service-error":{"status":{"statusCode":"INVALID_INPUT","statusText":"Exceeds the maximum number allowed for the service level"}}}
2025-06-25 20:55:31,798 - INFO - Retrieved 0 of 0 available results
2025-06-25 20:55:33,800 - INFO - Starting search for query: (TITLE-ABS-KEY("2019 AHRQ Compendium")) AND PUBYEAR > 2020 AND PUBYEAR < 2026 AND (DOCTYPE(ar) OR DO...
2025-06-25 20:55:33,944 - ERROR - Error 400: {"service-error":{"status":{"statusCode":"INVALID_INPUT","statusText":"Exceeds the maximum number allowed for the service level"}}}
2025-06-25 20:55:33,946 - INFO - Retrieved 0 of 0 available results
2025-06-25 20:55:35,948 - INFO - Starting search for query: (TITLE-ABS-KEY("2020 AHRQ Compendium")) AND PUBYEAR > 2020 AND PUBYEAR < 2026 AND (DOCTYPE(ar) OR DO...
2025-06-25 20:55:36,113 - ERROR - Error 400: {"service-error":{"status":{"statusCode":"INVALID_INPUT","statusText":"Exceeds the maximum number allowed for the service level"}}}
2025-06-25 20:55:36,114 - INFO - Retrieved 0 of 0 available results
2025-06-25 20:55:39,632 - INFO - Starting search for query: (TITLE-ABS-KEY("2021 AHRQ Compendium")) AND PUBYEAR > 2020 AND PUBYEAR < 2026 AND (DOCTYPE(ar) OR DO...
2025-06-25 20:55:39,794 - ERROR - Error 400: {"service-error":{"status":{"statusCode":"INVALID_INPUT","statusText":"Exceeds the maximum number allowed for the service level"}}}
2025-06-25 20:55:39,795 - INFO - Retrieved 0 of 0 available results
2025-06-25 20:55:41,798 - INFO - Starting search for query: (TITLE-ABS-KEY("2022 AHRQ Compendium")) AND PUBYEAR > 2020 AND PUBYEAR < 2026 AND (DOCTYPE(ar) OR DO...
2025-06-25 20:55:41,936 - ERROR - Error 400: {"service-error":{"status":{"statusCode":"INVALID_INPUT","statusText":"Exceeds the maximum number allowed for the service level"}}}
2025-06-25 20:55:41,941 - INFO - Retrieved 0 of 0 available results
2025-06-25 20:55:43,950 - INFO - Starting search for query: (TITLE-ABS-KEY("2023 AHRQ Compendium")) AND PUBYEAR > 2020 AND PUBYEAR < 2026 AND (DOCTYPE(ar) OR DO...
2025-06-25 20:55:44,168 - ERROR - Error 400: {"service-error":{"status":{"statusCode":"INVALID_INPUT","statusText":"Exceeds the maximum number allowed for the service level"}}}
2025-06-25 20:55:44,169 - INFO - Retrieved 0 of 0 available results
2025-06-25 20:55:46,170 - INFO - Starting search for query: (TITLE-ABS-KEY("AHRQ Compendium Hospital Linkage File")) AND PUBYEAR > 2020 AND PUBYEAR < 2026 AND (...
2025-06-25 20:55:46,344 - ERROR - Error 400: {"service-error":{"status":{"statusCode":"INVALID_INPUT","statusText":"Exceeds the maximum number allowed for the service level"}}}
2025-06-25 20:55:46,345 - INFO - Retrieved 0 of 0 available results
2025-06-25 20:55:48,347 - INFO - Starting search for query: (TITLE-ABS-KEY("AHRQ Health System* Compend*")) AND PUBYEAR > 2020 AND PUBYEAR < 2026 AND (DOCTYPE(a...
2025-06-25 20:55:48,483 - ERROR - Error 400: {"service-error":{"status":{"statusCode":"INVALID_INPUT","statusText":"Exceeds the maximum number allowed for the service level"}}}
2025-06-25 20:55:48,484 - INFO - Retrieved 0 of 0 available results
2025-06-25 20:55:50,486 - INFO - Starting search for query: (TITLE-ABS-KEY(AHRQ PRE/10 compendium)) AND PUBYEAR > 2020 AND PUBYEAR < 2026 AND (DOCTYPE(ar) OR DO...
2025-06-25 20:55:50,608 - ERROR - Error 400: {"service-error":{"status":{"statusCode":"INVALID_INPUT","statusText":"Exceeds the maximum number allowed for the service level"}}}
2025-06-25 20:55:50,610 - INFO - Retrieved 0 of 0 available results
2025-06-25 20:55:52,612 - INFO - Starting search for query: (TITLE-ABS-KEY("Agency for Healthcare Research" PRE/15 compendium)) AND PUBYEAR > 2020 AND PUBYEAR <...
2025-06-25 20:55:52,716 - ERROR - Error 400: {"service-error":{"status":{"statusCode":"INVALID_INPUT","statusText":"Exceeds the maximum number allowed for the service level"}}}
2025-06-25 20:55:52,717 - INFO - Retrieved 0 of 0 available results
2025-06-25 20:55:54,719 - INFO - Starting search for query: (TITLE-ABS-KEY(AHRQ w/3 (compendium OR compendia))) AND PUBYEAR > 2020 AND PUBYEAR < 2026 AND (DOCTY...
2025-06-25 20:55:54,870 - ERROR - Error 400: {"service-error":{"status":{"statusCode":"INVALID_INPUT","statusText":"Exceeds the maximum number allowed for the service level"}}}
2025-06-25 20:55:54,872 - INFO - Retrieved 0 of 0 available results
2025-06-25 20:55:56,874 - INFO - Starting search for query: (TITLE-ABS-KEY("healthcare research quality" w/5 compendium)) AND PUBYEAR > 2020 AND PUBYEAR < 2026 ...
2025-06-25 20:55:57,035 - ERROR - Error 400: {"service-error":{"status":{"statusCode":"INVALID_INPUT","statusText":"Exceeds the maximum number allowed for the service level"}}}
2025-06-25 20:55:57,036 - INFO - Retrieved 0 of 0 available results
2025-06-25 20:55:59,040 - INFO - Starting search for query: (AUTHOR-NAME("Levinson Z*") AND TITLE-ABS-KEY("health system*")) AND PUBYEAR > 2020 AND PUBYEAR < 20...
2025-06-25 20:55:59,188 - ERROR - Error 400: {"service-error":{"status":{"statusCode":"INVALID_INPUT","statusText":"Exceeds the maximum number allowed for the service level"}}}
2025-06-25 20:55:59,189 - INFO - Retrieved 0 of 0 available results
2025-06-25 20:56:01,190 - INFO - Starting search for query: (AUTHOR-NAME("Ganguli I*") AND TITLE-ABS-KEY(consolidation OR integration)) AND PUBYEAR > 2020 AND P...
2025-06-25 20:56:01,348 - ERROR - Error 400: {"service-error":{"status":{"statusCode":"INVALID_INPUT","statusText":"Exceeds the maximum number allowed for the service level"}}}
2025-06-25 20:56:01,350 - INFO - Retrieved 0 of 0 available results
2025-06-25 20:56:03,353 - INFO - Starting search for query: (AUTHOR-NAME("Khuntia J*") AND REF(AHRQ OR compendium)) AND PUBYEAR > 2020 AND PUBYEAR < 2026 AND (D...
2025-06-25 20:56:03,477 - ERROR - Error 400: {"service-error":{"status":{"statusCode":"INVALID_INPUT","statusText":"Exceeds the maximum number allowed for the service level"}}}
2025-06-25 20:56:03,478 - INFO - Retrieved 0 of 0 available results
2025-06-25 20:56:05,480 - INFO - Starting search for query: (AUTHOR-NAME("Segal J.B.*") AND TITLE-ABS-KEY("health system*")) AND PUBYEAR > 2020 AND PUBYEAR < 20...
2025-06-25 20:56:05,597 - ERROR - Error 400: {"service-error":{"status":{"statusCode":"INVALID_INPUT","statusText":"Exceeds the maximum number allowed for the service level"}}}
2025-06-25 20:56:05,599 - INFO - Retrieved 0 of 0 available results
2025-06-25 20:56:07,602 - INFO - Starting search for query: (AFFIL(Mathematica) AND TITLE-ABS-KEY("health system*" AND database)) AND PUBYEAR > 2020 AND PUBYEAR...
2025-06-25 20:56:07,798 - ERROR - Error 400: {"service-error":{"status":{"statusCode":"INVALID_INPUT","statusText":"Exceeds the maximum number allowed for the service level"}}}
2025-06-25 20:56:07,798 - INFO - Retrieved 0 of 0 available results
2025-06-25 20:56:09,800 - INFO - Starting search for query: (AFFIL("Kaiser Family Foundation") AND REF(AHRQ)) AND PUBYEAR > 2020 AND PUBYEAR < 2026 AND (DOCTYPE...
2025-06-25 20:56:09,976 - ERROR - Error 400: {"service-error":{"status":{"statusCode":"INVALID_INPUT","statusText":"Exceeds the maximum number allowed for the service level"}}}
2025-06-25 20:56:09,977 - INFO - Retrieved 0 of 0 available results
2025-06-25 20:56:13,521 - INFO - Starting search for query: (AFFIL("Harvard School of Public Health") AND TITLE-ABS-KEY(compendium)) AND PUBYEAR > 2020 AND PUBY...
2025-06-25 20:56:13,688 - ERROR - Error 400: {"service-error":{"status":{"statusCode":"INVALID_INPUT","statusText":"Exceeds the maximum number allowed for the service level"}}}
2025-06-25 20:56:13,689 - INFO - Retrieved 0 of 0 available results
2025-06-25 20:56:15,692 - INFO - Starting search for query: (TITLE-ABS("identify health systems" AND "using" AND (AHRQ OR "agency for healthcare"))) AND PUBYEAR...
2025-06-25 20:56:15,869 - ERROR - Error 400: {"service-error":{"status":{"statusCode":"INVALID_INPUT","statusText":"Exceeds the maximum number allowed for the service level"}}}
2025-06-25 20:56:15,870 - INFO - Retrieved 0 of 0 available results
2025-06-25 20:56:17,873 - INFO - Starting search for query: (TITLE-ABS("hospital system linkage" w/10 database)) AND PUBYEAR > 2020 AND PUBYEAR < 2026 AND (DOCT...
2025-06-25 20:56:18,060 - ERROR - Error 400: {"service-error":{"status":{"statusCode":"INVALID_INPUT","statusText":"Exceeds the maximum number allowed for the service level"}}}
2025-06-25 20:56:18,061 - INFO - Retrieved 0 of 0 available results
2025-06-25 20:56:20,062 - INFO - Starting search for query: (TITLE-ABS("system affiliation" AND "determined" AND (compendium OR database))) AND PUBYEAR > 2020 A...
2025-06-25 20:56:20,276 - ERROR - Error 400: {"service-error":{"status":{"statusCode":"INVALID_INPUT","statusText":"Exceeds the maximum number allowed for the service level"}}}
2025-06-25 20:56:20,279 - INFO - Retrieved 0 of 0 available results
2025-06-25 20:56:22,282 - INFO - Starting search for query: (TITLE-ABS("health system characteristics" AND AHRQ)) AND PUBYEAR > 2020 AND PUBYEAR < 2026 AND (DOC...
2025-06-25 20:56:22,479 - ERROR - Error 400: {"service-error":{"status":{"statusCode":"INVALID_INPUT","statusText":"Exceeds the maximum number allowed for the service level"}}}
2025-06-25 20:56:22,480 - INFO - Retrieved 0 of 0 available results
2025-06-25 20:56:24,487 - INFO - Starting search for query: (TITLE-ABS("define health systems" AND (compendium OR "AHRQ"))) AND PUBYEAR > 2020 AND PUBYEAR < 202...
2025-06-25 20:56:24,626 - ERROR - Error 400: {"service-error":{"status":{"statusCode":"INVALID_INPUT","statusText":"Exceeds the maximum number allowed for the service level"}}}
2025-06-25 20:56:24,627 - INFO - Retrieved 0 of 0 available results
2025-06-25 20:56:26,629 - INFO - Starting search for query: (TITLE-ABS-KEY("AHRQ Compendium of U.S. Health Systems")) AND PUBYEAR > 2020 AND PUBYEAR < 2026 AND ...
2025-06-25 20:56:26,806 - ERROR - Error 400: {"service-error":{"status":{"statusCode":"INVALID_INPUT","statusText":"Exceeds the maximum number allowed for the service level"}}}
2025-06-25 20:56:26,807 - INFO - Retrieved 0 of 0 available results
2025-06-25 20:56:28,810 - INFO - Starting search for query: (TITLE-ABS-KEY("AHRQ Compendium of US Health Systems")) AND PUBYEAR > 2020 AND PUBYEAR < 2026 AND (D...
2025-06-25 20:56:28,971 - ERROR - Error 400: {"service-error":{"status":{"statusCode":"INVALID_INPUT","statusText":"Exceeds the maximum number allowed for the service level"}}}
2025-06-25 20:56:28,972 - INFO - Retrieved 0 of 0 available results
2025-06-25 20:56:30,974 - INFO - Starting search for query: (TITLE-ABS-KEY("AHRQ Compendium" AND "health system*")) AND PUBYEAR > 2020 AND PUBYEAR < 2026 AND (D...
2025-06-25 20:56:31,137 - ERROR - Error 400: {"service-error":{"status":{"statusCode":"INVALID_INPUT","statusText":"Exceeds the maximum number allowed for the service level"}}}
2025-06-25 20:56:31,139 - INFO - Retrieved 0 of 0 available results
2025-06-25 20:56:33,141 - INFO - Starting search for query: (TITLE-ABS-KEY("Agency for Healthcare Research and Quality Compendium")) AND PUBYEAR > 2020 AND PUBY...
2025-06-25 20:56:33,347 - ERROR - Error 400: {"service-error":{"status":{"statusCode":"INVALID_INPUT","statusText":"Exceeds the maximum number allowed for the service level"}}}
2025-06-25 20:56:33,348 - INFO - Retrieved 0 of 0 available results
2025-06-25 20:56:35,350 - INFO - Starting search for query: (TITLE-ABS-KEY(AHRQ w/5 Compendium)) AND PUBYEAR > 2020 AND PUBYEAR < 2026 AND (DOCTYPE(ar) OR DOCTY...
2025-06-25 20:56:35,491 - ERROR - Error 400: {"service-error":{"status":{"statusCode":"INVALID_INPUT","statusText":"Exceeds the maximum number allowed for the service level"}}}
2025-06-25 20:56:35,492 - INFO - Retrieved 0 of 0 available results
2025-06-25 20:56:37,493 - INFO - Starting search for query: (TITLE-ABS-KEY("Agency for Healthcare Research and Quality" w/10 Compendium)) AND PUBYEAR > 2020 AND...
2025-06-25 20:56:37,696 - ERROR - Error 400: {"service-error":{"status":{"statusCode":"INVALID_INPUT","statusText":"Exceeds the maximum number allowed for the service level"}}}
2025-06-25 20:56:37,697 - INFO - Retrieved 0 of 0 available results
2025-06-25 20:56:39,699 - INFO - Starting search for query: (TITLE-ABS-KEY(AHRQ w/10 "health system*" w/10 compendium)) AND PUBYEAR > 2020 AND PUBYEAR < 2026 AN...
2025-06-25 20:56:39,884 - ERROR - Error 400: {"service-error":{"status":{"statusCode":"INVALID_INPUT","statusText":"Exceeds the maximum number allowed for the service level"}}}
2025-06-25 20:56:39,886 - INFO - Retrieved 0 of 0 available results
2025-06-25 20:56:41,896 - INFO - Starting search for query: (TITLE-ABS-KEY("AHRQ Compend*")) AND PUBYEAR > 2020 AND PUBYEAR < 2026 AND (DOCTYPE(ar) OR DOCTYPE(r...
2025-06-25 20:56:42,114 - ERROR - Error 400: {"service-error":{"status":{"statusCode":"INVALID_INPUT","statusText":"Exceeds the maximum number allowed for the service level"}}}
2025-06-25 20:56:42,115 - INFO - Retrieved 0 of 0 available results
2025-06-25 20:56:44,116 - INFO - Starting search for query: (TITLE-ABS-KEY(AHRQ AND compend* AND "health system*")) AND PUBYEAR > 2020 AND PUBYEAR < 2026 AND (D...
2025-06-25 20:56:44,240 - ERROR - Error 400: {"service-error":{"status":{"statusCode":"INVALID_INPUT","statusText":"Exceeds the maximum number allowed for the service level"}}}
2025-06-25 20:56:44,241 - INFO - Retrieved 0 of 0 available results
2025-06-25 20:56:47,871 - INFO - Starting search for query: (REF("AHRQ Compendium")) AND PUBYEAR > 2020 AND PUBYEAR < 2026 AND (DOCTYPE(ar) OR DOCTYPE(re) OR DO...
2025-06-25 20:56:48,025 - ERROR - Error 400: {"service-error":{"status":{"statusCode":"INVALID_INPUT","statusText":"Exceeds the maximum number allowed for the service level"}}}
2025-06-25 20:56:48,026 - INFO - Retrieved 0 of 0 available results
2025-06-25 20:56:50,029 - INFO - Starting search for query: (REF("Agency for Healthcare Research and Quality" AND Compendium)) AND PUBYEAR > 2020 AND PUBYEAR < ...
2025-06-25 20:56:50,149 - ERROR - Error 400: {"service-error":{"status":{"statusCode":"INVALID_INPUT","statusText":"Exceeds the maximum number allowed for the service level"}}}
2025-06-25 20:56:50,150 - INFO - Retrieved 0 of 0 available results
2025-06-25 20:56:52,153 - INFO - Starting search for query: (REF(Contreary AND AHRQ AND "Health Affairs")) AND PUBYEAR > 2020 AND PUBYEAR < 2026 AND (DOCTYPE(ar...
2025-06-25 20:56:52,294 - ERROR - Error 400: {"service-error":{"status":{"statusCode":"INVALID_INPUT","statusText":"Exceeds the maximum number allowed for the service level"}}}
2025-06-25 20:56:52,295 - INFO - Retrieved 0 of 0 available results
2025-06-25 20:56:54,296 - INFO - Starting search for query: (REF("Consolidation and Mergers among Health Systems in 2021")) AND PUBYEAR > 2020 AND PUBYEAR < 202...
2025-06-25 20:56:54,444 - ERROR - Error 400: {"service-error":{"status":{"statusCode":"INVALID_INPUT","statusText":"Exceeds the maximum number allowed for the service level"}}}
2025-06-25 20:56:54,445 - INFO - Retrieved 0 of 0 available results
2025-06-25 20:56:56,448 - INFO - Starting search for query: (REF("Rich" AND "Mathematica" AND AHRQ)) AND PUBYEAR > 2020 AND PUBYEAR < 2026 AND (DOCTYPE(ar) OR D...
2025-06-25 20:56:56,579 - ERROR - Error 400: {"service-error":{"status":{"statusCode":"INVALID_INPUT","statusText":"Exceeds the maximum number allowed for the service level"}}}
2025-06-25 20:56:56,581 - INFO - Retrieved 0 of 0 available results
2025-06-25 20:56:58,584 - INFO - Starting search for query: (TITLE-ABS-KEY("2018 AHRQ Compendium")) AND PUBYEAR > 2020 AND PUBYEAR < 2026 AND (DOCTYPE(ar) OR DO...
2025-06-25 20:56:58,739 - ERROR - Error 400: {"service-error":{"status":{"statusCode":"INVALID_INPUT","statusText":"Exceeds the maximum number allowed for the service level"}}}
2025-06-25 20:56:58,739 - INFO - Retrieved 0 of 0 available results
2025-06-25 20:57:00,741 - INFO - Starting search for query: (TITLE-ABS-KEY("2019 AHRQ Compendium")) AND PUBYEAR > 2020 AND PUBYEAR < 2026 AND (DOCTYPE(ar) OR DO...
2025-06-25 20:57:00,881 - ERROR - Error 400: {"service-error":{"status":{"statusCode":"INVALID_INPUT","statusText":"Exceeds the maximum number allowed for the service level"}}}
2025-06-25 20:57:00,882 - INFO - Retrieved 0 of 0 available results
2025-06-25 20:57:02,884 - INFO - Starting search for query: (TITLE-ABS-KEY("2020 AHRQ Compendium")) AND PUBYEAR > 2020 AND PUBYEAR < 2026 AND (DOCTYPE(ar) OR DO...
2025-06-25 20:57:03,058 - ERROR - Error 400: {"service-error":{"status":{"statusCode":"INVALID_INPUT","statusText":"Exceeds the maximum number allowed for the service level"}}}
2025-06-25 20:57:03,059 - INFO - Retrieved 0 of 0 available results
2025-06-25 20:57:05,062 - INFO - Starting search for query: (TITLE-ABS-KEY("2021 AHRQ Compendium")) AND PUBYEAR > 2020 AND PUBYEAR < 2026 AND (DOCTYPE(ar) OR DO...
2025-06-25 20:57:05,244 - ERROR - Error 400: {"service-error":{"status":{"statusCode":"INVALID_INPUT","statusText":"Exceeds the maximum number allowed for the service level"}}}
2025-06-25 20:57:05,245 - INFO - Retrieved 0 of 0 available results
2025-06-25 20:57:07,246 - INFO - Starting search for query: (TITLE-ABS-KEY("2022 AHRQ Compendium")) AND PUBYEAR > 2020 AND PUBYEAR < 2026 AND (DOCTYPE(ar) OR DO...
2025-06-25 20:57:07,398 - ERROR - Error 400: {"service-error":{"status":{"statusCode":"INVALID_INPUT","statusText":"Exceeds the maximum number allowed for the service level"}}}
2025-06-25 20:57:07,398 - INFO - Retrieved 0 of 0 available results
2025-06-25 20:57:09,400 - INFO - Starting search for query: (TITLE-ABS-KEY("2023 AHRQ Compendium")) AND PUBYEAR > 2020 AND PUBYEAR < 2026 AND (DOCTYPE(ar) OR DO...
2025-06-25 20:57:09,531 - ERROR - Error 400: {"service-error":{"status":{"statusCode":"INVALID_INPUT","statusText":"Exceeds the maximum number allowed for the service level"}}}
2025-06-25 20:57:09,532 - INFO - Retrieved 0 of 0 available results
2025-06-25 20:57:11,534 - INFO - Starting search for query: (TITLE-ABS-KEY("AHRQ Compendium Hospital Linkage File")) AND PUBYEAR > 2020 AND PUBYEAR < 2026 AND (...
2025-06-25 20:57:11,697 - ERROR - Error 400: {"service-error":{"status":{"statusCode":"INVALID_INPUT","statusText":"Exceeds the maximum number allowed for the service level"}}}
2025-06-25 20:57:11,698 - INFO - Retrieved 0 of 0 available results
2025-06-25 20:57:13,700 - INFO - Starting search for query: (TITLE-ABS-KEY("AHRQ Health System* Compend*")) AND PUBYEAR > 2020 AND PUBYEAR < 2026 AND (DOCTYPE(a...
2025-06-25 20:57:13,940 - ERROR - Error 400: {"service-error":{"status":{"statusCode":"INVALID_INPUT","statusText":"Exceeds the maximum number allowed for the service level"}}}
2025-06-25 20:57:13,944 - INFO - Retrieved 0 of 0 available results
2025-06-25 20:57:15,945 - INFO - Starting search for query: (TITLE-ABS-KEY(AHRQ PRE/10 compendium)) AND PUBYEAR > 2020 AND PUBYEAR < 2026 AND (DOCTYPE(ar) OR DO...
2025-06-25 20:57:16,069 - ERROR - Error 400: {"service-error":{"status":{"statusCode":"INVALID_INPUT","statusText":"Exceeds the maximum number allowed for the service level"}}}
2025-06-25 20:57:16,070 - INFO - Retrieved 0 of 0 available results
2025-06-25 20:57:18,073 - INFO - Starting search for query: (TITLE-ABS-KEY("Agency for Healthcare Research" PRE/15 compendium)) AND PUBYEAR > 2020 AND PUBYEAR <...
2025-06-25 20:57:18,268 - ERROR - Error 400: {"service-error":{"status":{"statusCode":"INVALID_INPUT","statusText":"Exceeds the maximum number allowed for the service level"}}}
2025-06-25 20:57:18,269 - INFO - Retrieved 0 of 0 available results
2025-06-25 20:57:21,914 - INFO - Starting search for query: (TITLE-ABS-KEY(AHRQ w/3 (compendium OR compendia))) AND PUBYEAR > 2020 AND PUBYEAR < 2026 AND (DOCTY...
2025-06-25 20:57:22,053 - ERROR - Error 400: {"service-error":{"status":{"statusCode":"INVALID_INPUT","statusText":"Exceeds the maximum number allowed for the service level"}}}
2025-06-25 20:57:22,054 - INFO - Retrieved 0 of 0 available results
2025-06-25 20:57:24,056 - INFO - Starting search for query: (TITLE-ABS-KEY("healthcare research quality" w/5 compendium)) AND PUBYEAR > 2020 AND PUBYEAR < 2026 ...
2025-06-25 20:57:24,291 - ERROR - Error 400: {"service-error":{"status":{"statusCode":"INVALID_INPUT","statusText":"Exceeds the maximum number allowed for the service level"}}}
2025-06-25 20:57:24,291 - INFO - Retrieved 0 of 0 available results
2025-06-25 20:57:26,294 - INFO - Starting search for query: (AUTHOR-NAME("Levinson Z*") AND TITLE-ABS-KEY("health system*")) AND PUBYEAR > 2020 AND PUBYEAR < 20...
2025-06-25 20:57:26,411 - ERROR - Error 400: {"service-error":{"status":{"statusCode":"INVALID_INPUT","statusText":"Exceeds the maximum number allowed for the service level"}}}
2025-06-25 20:57:26,413 - INFO - Retrieved 0 of 0 available results
2025-06-25 20:57:28,415 - INFO - Starting search for query: (AUTHOR-NAME("Ganguli I*") AND TITLE-ABS-KEY(consolidation OR integration)) AND PUBYEAR > 2020 AND P...
2025-06-25 20:57:28,569 - ERROR - Error 400: {"service-error":{"status":{"statusCode":"INVALID_INPUT","statusText":"Exceeds the maximum number allowed for the service level"}}}
2025-06-25 20:57:28,570 - INFO - Retrieved 0 of 0 available results
2025-06-25 20:57:30,572 - INFO - Starting search for query: (AUTHOR-NAME("Khuntia J*") AND REF(AHRQ OR compendium)) AND PUBYEAR > 2020 AND PUBYEAR < 2026 AND (D...
2025-06-25 20:57:30,705 - ERROR - Error 400: {"service-error":{"status":{"statusCode":"INVALID_INPUT","statusText":"Exceeds the maximum number allowed for the service level"}}}
2025-06-25 20:57:30,706 - INFO - Retrieved 0 of 0 available results
2025-06-25 20:57:32,708 - INFO - Starting search for query: (AUTHOR-NAME("Segal J.B.*") AND TITLE-ABS-KEY("health system*")) AND PUBYEAR > 2020 AND PUBYEAR < 20...
2025-06-25 20:57:32,844 - ERROR - Error 400: {"service-error":{"status":{"statusCode":"INVALID_INPUT","statusText":"Exceeds the maximum number allowed for the service level"}}}
2025-06-25 20:57:32,844 - INFO - Retrieved 0 of 0 available results
2025-06-25 20:57:34,846 - INFO - Starting search for query: (AFFIL(Mathematica) AND TITLE-ABS-KEY("health system*" AND database)) AND PUBYEAR > 2020 AND PUBYEAR...
2025-06-25 20:57:34,970 - ERROR - Error 400: {"service-error":{"status":{"statusCode":"INVALID_INPUT","statusText":"Exceeds the maximum number allowed for the service level"}}}
2025-06-25 20:57:34,971 - INFO - Retrieved 0 of 0 available results
2025-06-25 20:57:36,972 - INFO - Starting search for query: (AFFIL("Kaiser Family Foundation") AND REF(AHRQ)) AND PUBYEAR > 2020 AND PUBYEAR < 2026 AND (DOCTYPE...
2025-06-25 20:57:37,117 - ERROR - Error 400: {"service-error":{"status":{"statusCode":"INVALID_INPUT","statusText":"Exceeds the maximum number allowed for the service level"}}}
2025-06-25 20:57:37,117 - INFO - Retrieved 0 of 0 available results
2025-06-25 20:57:39,119 - INFO - Starting search for query: (AFFIL("Harvard School of Public Health") AND TITLE-ABS-KEY(compendium)) AND PUBYEAR > 2020 AND PUBY...
2025-06-25 20:57:39,266 - ERROR - Error 400: {"service-error":{"status":{"statusCode":"INVALID_INPUT","statusText":"Exceeds the maximum number allowed for the service level"}}}
2025-06-25 20:57:39,267 - INFO - Retrieved 0 of 0 available results
2025-06-25 20:57:41,269 - INFO - Starting search for query: (TITLE-ABS("identify health systems" AND "using" AND (AHRQ OR "agency for healthcare"))) AND PUBYEAR...
2025-06-25 20:57:41,413 - ERROR - Error 400: {"service-error":{"status":{"statusCode":"INVALID_INPUT","statusText":"Exceeds the maximum number allowed for the service level"}}}
2025-06-25 20:57:41,415 - INFO - Retrieved 0 of 0 available results
2025-06-25 20:57:43,417 - INFO - Starting search for query: (TITLE-ABS("hospital system linkage" w/10 database)) AND PUBYEAR > 2020 AND PUBYEAR < 2026 AND (DOCT...
2025-06-25 20:57:43,528 - ERROR - Error 400: {"service-error":{"status":{"statusCode":"INVALID_INPUT","statusText":"Exceeds the maximum number allowed for the service level"}}}
2025-06-25 20:57:43,533 - INFO - Retrieved 0 of 0 available results
2025-06-25 20:57:45,561 - INFO - Starting search for query: (TITLE-ABS("system affiliation" AND "determined" AND (compendium OR database))) AND PUBYEAR > 2020 A...
2025-06-25 20:57:45,686 - ERROR - Error 400: {"service-error":{"status":{"statusCode":"INVALID_INPUT","statusText":"Exceeds the maximum number allowed for the service level"}}}
2025-06-25 20:57:45,687 - INFO - Retrieved 0 of 0 available results
2025-06-25 20:57:47,690 - INFO - Starting search for query: (TITLE-ABS("health system characteristics" AND AHRQ)) AND PUBYEAR > 2020 AND PUBYEAR < 2026 AND (DOC...
2025-06-25 20:57:47,825 - ERROR - Error 400: {"service-error":{"status":{"statusCode":"INVALID_INPUT","statusText":"Exceeds the maximum number allowed for the service level"}}}
2025-06-25 20:57:47,826 - INFO - Retrieved 0 of 0 available results
2025-06-25 20:57:49,827 - INFO - Starting search for query: (TITLE-ABS("define health systems" AND (compendium OR "AHRQ"))) AND PUBYEAR > 2020 AND PUBYEAR < 202...
2025-06-25 20:57:49,968 - ERROR - Error 400: {"service-error":{"status":{"statusCode":"INVALID_INPUT","statusText":"Exceeds the maximum number allowed for the service level"}}}
2025-06-25 20:57:49,969 - INFO - Retrieved 0 of 0 available results
